2020-07-10 13:23:06 INFO:log:Starting the app...
2020-07-10 13:23:37 INFO:log:Reading Config...
2020-07-10 13:23:51 ERROR:log:App blocked...
2020-07-10 13:23:54 INFO:log:End of execution.
2020-07-10 13:24:05 INFO:log:Starting the app...
2020-07-10 13:24:06 INFO:log:Reading Config...
2020-07-10 13:25:49 INFO:log:Starting the app...
2020-07-10 13:25:49 INFO:log:Reading Config...
2020-07-10 13:26:42 INFO:log:Config read.
2020-07-10 13:26:44 INFO:log:Reading data...
2020-07-10 13:27:25 INFO:log:Starting the app...
2020-07-10 13:27:25 INFO:log:Reading Config...
2020-07-10 13:27:25 INFO:log:Config read.
2020-07-10 13:27:26 INFO:log:Reading data...
2020-07-10 13:27:26 ERROR:log:Data not found in that path. Check directory and config.
2020-07-10 13:27:26 ERROR:log:App blocked...
2020-07-10 13:27:26 INFO:log:End of execution.
2020-07-10 13:27:30 INFO:log:Starting the app...
2020-07-10 13:27:30 INFO:log:Reading Config...
2020-07-10 13:27:30 INFO:log:Config read.
2020-07-10 13:27:48 INFO:log:Reading data...
2020-07-10 13:27:54 ERROR:log:Data not found in that path. Check directory and config.
2020-07-10 13:30:21 INFO:log:Starting the app...
2020-07-10 13:30:21 INFO:log:Reading Config...
2020-07-10 13:30:21 INFO:log:Config read.
2020-07-10 13:30:25 INFO:log:End of execution.
2020-07-10 13:35:34 INFO:log:Starting the app...
2020-07-10 13:35:39 INFO:log:Reading Config...
2020-07-10 13:35:40 INFO:log:Config read.
2020-07-10 13:35:43 INFO:log:Reading data...
2020-07-10 13:35:44 ERROR:log:Data not found in that path. Check directory and config.
2020-07-10 13:35:44 ERROR:log:App blocked...
2020-07-10 13:35:59 INFO:log:Starting the app...
2020-07-10 13:35:59 INFO:log:Reading Config...
2020-07-10 13:35:59 INFO:log:Config read.
2020-07-10 13:36:01 INFO:log:Reading data...
2020-07-10 13:36:53 INFO:log:Starting the app...
2020-07-10 13:36:53 INFO:log:Reading Config...
2020-07-10 13:36:53 INFO:log:Config read.
2020-07-10 13:37:08 INFO:log:End of execution.
2020-07-11 11:06:04 INFO:log:Starting the app...
2020-07-11 11:06:12 INFO:log:Reading Config...
2020-07-11 11:06:36 INFO:log:Config read.
2020-07-11 11:07:16 ERROR:log:Data not found in that path. Check directory and config.
2020-07-11 11:09:45 INFO:log:Reading data...
2020-07-11 11:10:05 ERROR:log:Data not found in that path. Check directory and config.
2020-07-11 11:10:05 ERROR:log:App blocked...
2020-07-11 11:13:47 INFO:log:Starting the app...
2020-07-11 11:13:54 INFO:log:Reading Config...
2020-07-11 11:14:05 INFO:log:Config read.
2020-07-11 11:14:14 INFO:log:Reading data...
2020-07-11 11:14:21 ERROR:log:Data not found in that path. Check directory and config.
2020-07-11 11:22:13 ERROR:log:Data not found in that path. Check directory and config.
2020-07-11 11:22:41 INFO:log:End of execution.
2020-07-11 11:23:50 INFO:log:Starting the app...
2020-07-11 11:23:53 INFO:log:Reading Config...
2020-07-11 11:23:55 INFO:log:Config read.
2020-07-11 11:24:05 INFO:log:Reading data...
2020-07-11 11:24:15 ERROR:log:Data not found in that path. Check directory and config.
2020-07-11 11:30:21 INFO:log:End of execution.
2020-07-11 11:32:30 INFO:log:Starting the app...
2020-07-11 11:32:30 INFO:log:Reading Config...
2020-07-11 11:32:30 INFO:log:Config read.
2020-07-11 11:32:38 INFO:log:Reading data...
2020-07-11 11:32:49 ERROR:log:Data not found in that path. Check directory and config.
2020-07-11 11:37:44 ERROR:log:Data not found in that path. Check directory and config.
2020-07-11 11:37:44 ERROR:log:App blocked...
2020-07-11 11:38:40 INFO:log:Reading data...
2020-07-11 11:38:44 ERROR:log:Data not found in that path. Check directory and config.
2020-07-11 11:38:59 INFO:log:End of execution.
2020-07-11 12:29:42 INFO:log:Starting the app...
2020-07-11 12:29:42 INFO:log:Reading Config...
2020-07-11 12:29:42 INFO:log:Config read.
2020-07-11 12:29:52 INFO:log:End of execution.
2020-07-11 13:54:15 INFO:log:Starting the app...
2020-07-11 13:54:16 INFO:log:Reading Config...
2020-07-11 13:54:53 INFO:log:Config read.
2020-07-11 13:55:04 INFO:log:Reading data...
2020-07-11 13:55:13 ERROR:log:Data not found in that path. Check directory and config.
2020-07-11 13:56:38 ERROR:log:Data not found in that path. Check directory and config.
2020-07-11 13:56:38 ERROR:log:App blocked...
2020-07-11 14:01:21 INFO:log:Starting the app...
2020-07-11 14:01:21 INFO:log:Reading Config...
2020-07-11 14:01:21 INFO:log:Config read.
2020-07-11 14:01:31 ERROR:log:Data not found in that path. Check directory and config.
2020-07-11 14:01:37 INFO:log:Reading data...
2020-07-11 14:01:59 ERROR:log:Data not found in that path. Check directory and config.
2020-07-11 14:01:59 ERROR:log:App blocked...
2020-07-11 14:08:11 INFO:log:Starting the app...
2020-07-11 14:08:11 INFO:log:Reading Config...
2020-07-11 14:08:11 INFO:log:Config read.
2020-07-11 14:08:25 ERROR:log:Data not found in that path. Check directory and config.
2020-07-11 14:09:16 INFO:log:Reading data...
2020-07-11 14:09:58 ERROR:log:Data not found in that path. Check directory and config.
2020-07-11 14:09:58 ERROR:log:App blocked...
2020-07-11 14:10:47 INFO:log:End of execution.
2020-07-11 14:12:03 INFO:log:Starting the app...
2020-07-11 14:12:03 INFO:log:Reading Config...
2020-07-11 14:12:03 INFO:log:Config read.
2020-07-11 14:12:18 ERROR:log:Data not found in that path. Check directory and config.
2020-07-11 14:13:55 ERROR:log:Data not found in that path. Check directory and config.
2020-07-11 14:16:24 INFO:log:End of execution.
2020-07-11 14:19:13 INFO:log:Starting the app...
2020-07-11 14:19:13 INFO:log:Reading Config...
2020-07-11 14:19:13 INFO:log:Config read.
2020-07-11 14:19:21 ERROR:log:Data not found in that path. Check directory and config.
2020-07-11 14:20:38 INFO:log:Reading data...
2020-07-11 14:24:13 ERROR:log:Data not found in that path. Check directory and config.
2020-07-11 14:24:13 ERROR:log:App blocked...
2020-07-11 14:24:30 INFO:log:End of execution.
2020-07-11 14:25:00 INFO:log:Starting the app...
2020-07-11 14:25:00 INFO:log:Reading Config...
2020-07-11 14:25:00 INFO:log:Config read.
2020-07-11 14:25:03 INFO:log:Reading data...
2020-07-11 14:25:05 ERROR:log:Data not found in that path. Check directory and config.
2020-07-11 14:25:05 ERROR:log:App blocked...
2020-07-11 14:35:08 INFO:log:Starting the app...
2020-07-11 14:35:08 INFO:log:Reading Config...
2020-07-11 14:35:08 INFO:log:Config read.
2020-07-11 14:35:14 ERROR:log:Data not found in that path. Check directory and config.
2020-07-11 14:38:47 INFO:log:Reading data...
2020-07-11 14:46:34 INFO:log:Starting the app...
2020-07-11 14:46:34 INFO:log:Reading Config...
2020-07-11 14:46:34 INFO:log:Config read.
2020-07-11 14:46:38 INFO:log:Reading data...
2020-07-11 14:46:39 ERROR:log:Data not found in that path. Check directory and config.
2020-07-11 14:46:39 ERROR:log:App blocked...
2020-07-11 14:46:39 INFO:log:End of execution.
2020-07-11 14:46:57 INFO:log:Starting the app...
2020-07-11 14:46:57 INFO:log:Reading Config...
2020-07-11 14:46:57 INFO:log:Config read.
2020-07-11 14:46:59 INFO:log:Reading data...
2020-07-11 14:48:10 INFO:log:Starting the app...
2020-07-11 14:48:10 INFO:log:Reading Config...
2020-07-11 14:48:10 INFO:log:Config read.
2020-07-11 14:48:13 INFO:log:Reading data...
2020-07-11 14:49:19 INFO:log:Starting the app...
2020-07-11 14:49:19 INFO:log:Reading Config...
2020-07-11 14:49:19 INFO:log:Config read.
2020-07-11 14:49:23 INFO:log:Reading data...
2020-07-11 14:57:25 INFO:log:Starting the app...
2020-07-11 14:57:25 INFO:log:Reading Config...
2020-07-11 14:57:25 INFO:log:Config read.
2020-07-11 14:57:31 INFO:log:End of execution.
2020-07-11 14:57:52 INFO:log:Starting the app...
2020-07-11 14:57:52 INFO:log:Reading Config...
2020-07-11 14:57:54 INFO:log:Config read.
2020-07-11 14:57:58 INFO:log:Reading data...
2020-07-11 15:10:21 INFO:log:Starting the app...
2020-07-11 15:10:21 INFO:log:Reading Config...
2020-07-11 15:10:21 INFO:log:Config read.
2020-07-11 15:11:43 INFO:log:End of execution.
2020-07-11 15:12:00 INFO:log:Starting the app...
2020-07-11 15:12:00 INFO:log:Reading Config...
2020-07-11 15:12:02 INFO:log:Config read.
2020-07-11 15:12:05 INFO:log:Reading data...
2020-07-11 15:15:28 ERROR:log:App blocked...
2020-07-11 15:15:32 INFO:log:End of execution.
2020-07-11 15:15:50 INFO:log:Starting the app...
2020-07-11 15:15:50 INFO:log:Reading Config...
2020-07-11 15:15:50 INFO:log:Config read.
2020-07-11 15:15:59 INFO:log:Reading data...
2020-07-11 15:17:13 INFO:log:Starting the app...
2020-07-11 15:17:13 INFO:log:Reading Config...
2020-07-11 15:17:13 INFO:log:Config read.
2020-07-11 15:17:16 INFO:log:Reading data...
2020-07-13 09:20:09 INFO:log:Starting the app...
2020-07-13 09:20:10 INFO:log:Reading Config...
2020-07-13 09:20:12 INFO:log:Config read.
2020-07-13 09:20:18 INFO:log:Reading data...
2020-07-13 09:20:23 ERROR:log:Data not found in that path. Check directory and config.
2020-07-13 09:28:28 INFO:log:Starting the app...
2020-07-13 09:28:29 INFO:log:Reading Config...
2020-07-13 09:28:29 ERROR:log:App blocked...
2020-07-13 09:28:30 INFO:log:End of execution.
2020-07-13 09:29:21 INFO:log:Starting the app...
2020-07-13 09:29:23 INFO:log:Reading Config...
2020-07-13 09:29:25 ERROR:log:App blocked...
2020-07-13 09:30:33 INFO:log:Starting the app...
2020-07-13 09:30:34 INFO:log:Reading Config...
2020-07-13 09:30:52 ERROR:log:App blocked...
2020-07-13 09:41:26 INFO:log:Starting the app...
2020-07-13 09:41:27 INFO:log:Reading Config...
2020-07-13 09:45:23 INFO:log:End of execution.
2020-07-13 09:46:20 INFO:log:Starting the app...
2020-07-13 09:46:21 INFO:log:Reading Config...
2020-07-13 09:46:59 INFO:log:End of execution.
2020-07-13 09:47:37 INFO:log:Starting the app...
2020-07-13 09:47:38 INFO:log:Reading Config...
2020-07-13 09:48:51 INFO:log:End of execution.
2020-07-13 10:00:01 INFO:log:Starting the app...
2020-07-13 10:00:03 INFO:log:Reading Config...
2020-07-13 10:00:09 ERROR:log:App blocked...
2020-07-13 10:02:09 INFO:log:Config read.
2020-07-13 10:02:09 ERROR:log:Nodes: dataNode are wrongly structured!
2020-07-13 10:13:01 ERROR:log:App blocked...
2020-07-13 10:14:07 INFO:log:End of execution.
2020-07-13 10:14:34 INFO:log:Starting the app...
2020-07-13 10:14:35 INFO:log:Reading Config...
2020-07-13 10:16:07 INFO:log:End of execution.
2020-07-13 10:17:07 INFO:log:Starting the app...
2020-07-13 10:17:08 INFO:log:Reading Config...
2020-07-13 10:17:10 ERROR:log:App blocked...
2020-07-13 10:18:48 INFO:log:Starting the app...
2020-07-13 10:18:48 INFO:log:Reading Config...
2020-07-13 10:18:49 ERROR:log:App blocked...
2020-07-13 10:19:09 INFO:log:Starting the app...
2020-07-13 10:19:09 INFO:log:Reading Config...
2020-07-13 10:19:13 INFO:log:Config read.
2020-07-13 10:19:13 ERROR:log:Nodes: dataNode are wrongly structured!
2020-07-13 10:19:48 INFO:log:End of execution.
2020-07-13 10:20:01 INFO:log:Starting the app...
2020-07-13 10:20:02 INFO:log:Reading Config...
2020-07-13 10:20:03 ERROR:log:App blocked...
2020-07-13 10:20:35 INFO:log:Starting the app...
2020-07-13 10:20:35 INFO:log:Reading Config...
2020-07-13 10:20:40 INFO:log:Config read.
2020-07-13 10:20:40 ERROR:log:Nodes: dataNode are wrongly structured!
2020-07-13 10:20:52 ERROR:log:App blocked...
2020-07-13 10:22:30 INFO:log:Starting the app...
2020-07-13 10:22:31 INFO:log:Reading Config...
2020-07-13 10:22:35 INFO:log:Config read.
2020-07-13 10:22:35 ERROR:log:Nodes: dataNode are wrongly structured!
2020-07-13 10:22:41 ERROR:log:App blocked...
2020-07-13 10:24:58 INFO:log:Starting the app...
2020-07-13 10:24:58 INFO:log:Reading Config...
2020-07-13 10:25:00 ERROR:log:App blocked...
2020-07-13 10:25:35 INFO:log:Starting the app...
2020-07-13 10:25:37 INFO:log:Reading Config...
2020-07-13 10:25:40 INFO:log:Config read.
2020-07-13 10:25:40 ERROR:log:Sep solo puede valer ',' o ';'
2020-07-13 10:27:21 INFO:log:End of execution.
2020-07-13 10:28:31 INFO:log:Starting the app...
2020-07-13 10:28:32 INFO:log:Reading Config...
2020-07-13 10:28:34 INFO:log:Config read.
2020-07-13 10:28:34 ERROR:log:Sep solo puede valer ',' o ';'
2020-07-13 10:28:34 ERROR:log:App blocked...
2020-07-13 10:30:00 INFO:log:Starting the app...
2020-07-13 10:30:01 INFO:log:Reading Config...
2020-07-13 10:30:07 INFO:log:Config read.
2020-07-13 10:30:07 ERROR:log:Sep has to be ','
2020-07-13 10:31:29 INFO:log:End of execution.
2020-07-13 10:31:44 INFO:log:Starting the app...
2020-07-13 10:31:45 INFO:log:Reading Config...
2020-07-13 10:31:54 INFO:log:Config read.
2020-07-13 10:31:57 INFO:log:Config read.
2020-07-13 10:31:59 INFO:log:Config read.
2020-07-13 10:32:06 INFO:log:Reading data...
2020-07-13 10:35:15 ERROR:log:App blocked...
2020-07-13 10:36:03 INFO:log:Starting the app...
2020-07-13 10:36:04 INFO:log:Reading Config...
2020-07-13 10:36:04 INFO:log:Config read.
2020-07-13 10:36:05 INFO:log:Config read.
2020-07-13 10:36:09 INFO:log:Reading data...
2020-07-13 10:36:48 ERROR:log:App blocked...
2020-07-13 10:37:56 INFO:log:Starting the app...
2020-07-13 10:37:56 INFO:log:Reading Config...
2020-07-13 10:37:57 INFO:log:Config read.
2020-07-13 10:37:58 INFO:log:Config read.
2020-07-13 10:38:05 INFO:log:Reading data...
2020-07-13 10:40:55 INFO:log:Starting the app...
2020-07-13 10:40:56 INFO:log:Reading Config...
2020-07-13 10:40:57 INFO:log:Config read.
2020-07-13 10:41:00 INFO:log:Config read.
2020-07-13 10:41:04 INFO:log:Reading data...
2020-07-13 10:41:47 ERROR:log:App blocked...
2020-07-13 10:43:17 INFO:log:Starting the app...
2020-07-13 10:43:18 INFO:log:Reading Config...
2020-07-13 10:43:19 INFO:log:Config read.
2020-07-13 10:43:27 INFO:log:Config read.
2020-07-13 10:43:29 INFO:log:Reading data...
2020-07-13 10:44:35 INFO:log:Starting the app...
2020-07-13 10:44:35 INFO:log:Reading Config...
2020-07-13 10:44:36 INFO:log:Config read.
2020-07-13 10:45:02 INFO:log:End of execution.
2020-07-13 10:45:51 INFO:log:Starting the app...
2020-07-13 10:45:51 INFO:log:Reading Config...
2020-07-13 10:45:56 INFO:log:Config read.
2020-07-13 10:46:37 INFO:log:Config read.
2020-07-13 10:46:49 INFO:log:End of execution.
2020-07-13 10:46:55 INFO:log:Starting the app...
2020-07-13 10:46:55 INFO:log:Reading Config...
2020-07-13 10:46:55 INFO:log:Config read.
2020-07-13 10:46:56 INFO:log:Config read.
2020-07-13 10:46:58 INFO:log:Reading data...
2020-07-13 11:12:06 INFO:log:Starting the app...
2020-07-13 11:12:07 INFO:log:Reading Config...
2020-07-13 11:12:07 INFO:log:Config read.
2020-07-13 11:12:08 INFO:log:Config read.
2020-07-13 11:12:10 INFO:log:Reading data...
2020-07-13 11:13:03 INFO:log:Data read.
2020-07-13 11:13:05 INFO:log:Looking for answer
2020-07-13 11:14:12 ERROR:log:App blocked...
2020-07-13 11:14:26 INFO:log:End of execution.
2020-07-13 11:15:13 INFO:log:Starting the app...
2020-07-13 11:15:13 INFO:log:Reading Config...
2020-07-13 11:15:16 INFO:log:End of execution.
2020-07-13 11:15:34 INFO:log:Starting the app...
2020-07-13 11:15:35 INFO:log:Reading Config...
2020-07-13 11:15:35 INFO:log:Config read.
2020-07-13 11:15:36 INFO:log:Config read.
2020-07-13 11:15:41 INFO:log:Reading data...
2020-07-13 11:16:05 INFO:log:End of execution.
2020-07-13 11:16:22 INFO:log:Starting the app...
2020-07-13 11:16:22 INFO:log:Reading Config...
2020-07-13 11:16:22 INFO:log:Config read.
2020-07-13 11:16:22 INFO:log:Config read.
2020-07-13 11:16:28 INFO:log:Reading data...
2020-07-13 11:17:39 INFO:log:Data read.
2020-07-13 11:17:44 INFO:log:Looking for answer
2020-07-13 11:18:15 ERROR:log:App blocked...
2020-07-13 11:18:59 INFO:log:Starting the app...
2020-07-13 11:18:59 INFO:log:Reading Config...
2020-07-13 11:18:59 INFO:log:Config read.
2020-07-13 11:18:59 INFO:log:Config read.
2020-07-13 11:19:01 INFO:log:Reading data...
2020-07-13 11:19:02 INFO:log:Data read.
2020-07-13 11:19:03 INFO:log:Looking for answer
2020-07-13 11:19:43 ERROR:log:App blocked...
2020-07-13 11:20:28 INFO:log:Starting the app...
2020-07-13 11:20:28 INFO:log:Reading Config...
2020-07-13 11:20:28 INFO:log:Config read.
2020-07-13 11:20:28 INFO:log:Config read.
2020-07-13 11:20:50 INFO:log:Starting the app...
2020-07-13 11:20:50 INFO:log:Reading Config...
2020-07-13 11:20:51 INFO:log:Config read.
2020-07-13 11:20:51 INFO:log:Config read.
2020-07-13 11:21:02 INFO:log:Reading data...
2020-07-13 11:21:02 INFO:log:Data read.
2020-07-13 11:21:02 INFO:log:Looking for answer
2020-07-13 11:21:02 ERROR:log:App blocked...
2020-07-13 11:21:02 INFO:log:End of execution.
2020-07-13 11:21:19 INFO:log:Starting the app...
2020-07-13 11:21:19 INFO:log:Reading Config...
2020-07-13 11:21:19 INFO:log:Config read.
2020-07-13 11:21:19 INFO:log:Config read.
2020-07-13 11:21:22 INFO:log:Reading data...
2020-07-13 11:21:22 INFO:log:Data read.
2020-07-13 11:21:22 INFO:log:Looking for answer
2020-07-13 11:21:22 ERROR:log:App blocked...
2020-07-13 11:21:22 INFO:log:End of execution.
2020-07-13 11:21:41 INFO:log:Starting the app...
2020-07-13 11:21:42 INFO:log:Reading Config...
2020-07-13 11:21:42 INFO:log:Config read.
2020-07-13 11:21:43 INFO:log:Config read.
2020-07-13 11:21:44 INFO:log:Reading data...
2020-07-13 11:21:46 INFO:log:Data read.
2020-07-13 11:21:54 INFO:log:Looking for answer
2020-07-13 11:22:08 ERROR:log:App blocked...
2020-07-13 11:25:22 INFO:log:Starting the app...
2020-07-13 11:25:22 INFO:log:Reading Config...
2020-07-13 11:25:22 INFO:log:Config read.
2020-07-13 11:25:22 INFO:log:Config read.
2020-07-13 11:25:35 INFO:log:Reading data...
2020-07-13 11:25:43 INFO:log:Data read.
2020-07-13 11:25:48 INFO:log:Looking for answer
2020-07-13 11:26:20 ERROR:log:App blocked...
2020-07-13 11:29:02 INFO:log:Starting the app...
2020-07-13 11:29:02 INFO:log:Reading Config...
2020-07-13 11:29:02 INFO:log:Config read.
2020-07-13 11:29:02 INFO:log:Config read.
2020-07-13 11:29:02 INFO:log:Reading data...
2020-07-13 11:29:02 INFO:log:Data read.
2020-07-13 11:29:06 INFO:log:Looking for answer
2020-07-13 11:29:37 ERROR:log:App blocked...
2020-07-13 11:54:03 INFO:log:Starting the app...
2020-07-13 11:54:03 INFO:log:Reading Config...
2020-07-13 11:54:03 INFO:log:Config read.
2020-07-13 11:54:03 INFO:log:Config read.
2020-07-13 11:54:03 INFO:log:Reading data...
2020-07-13 11:54:03 INFO:log:Data read.
2020-07-13 11:54:12 INFO:log:End of execution.
2020-07-13 12:03:00 INFO:log:Starting the app...
2020-07-13 12:03:00 INFO:log:Reading Config...
2020-07-13 12:03:00 INFO:log:Config read.
2020-07-13 12:03:00 INFO:log:Config read.
2020-07-13 12:03:00 INFO:log:Reading data...
2020-07-13 12:03:00 INFO:log:Data read.
2020-07-13 12:03:03 INFO:log:Looking for answer
2020-07-13 12:03:27 INFO:log:End of execution.
2020-07-13 12:03:37 INFO:log:Starting the app...
2020-07-13 12:03:37 INFO:log:Reading Config...
2020-07-13 12:03:37 INFO:log:Config read.
2020-07-13 12:03:37 INFO:log:Config read.
2020-07-13 12:03:37 INFO:log:Reading data...
2020-07-13 12:03:37 INFO:log:Data read.
2020-07-13 12:03:41 INFO:log:Looking for answer
2020-07-13 12:04:02 ERROR:log:App blocked...
2020-07-13 12:04:08 INFO:log:End of execution.
2020-07-13 12:05:19 INFO:log:Starting the app...
2020-07-13 12:05:19 INFO:log:Reading Config...
2020-07-13 12:05:19 INFO:log:Config read.
2020-07-13 12:05:19 INFO:log:Config read.
2020-07-13 12:05:19 INFO:log:Reading data...
2020-07-13 12:05:20 INFO:log:Data read.
2020-07-13 12:05:24 INFO:log:Looking for answer
2020-07-13 12:05:25 ERROR:log:App blocked...
2020-07-13 12:05:56 INFO:log:Starting the app...
2020-07-13 12:05:56 INFO:log:Reading Config...
2020-07-13 12:05:56 INFO:log:Config read.
2020-07-13 12:05:56 INFO:log:Config read.
2020-07-13 12:05:56 INFO:log:Reading data...
2020-07-13 12:05:56 INFO:log:Data read.
2020-07-13 12:06:00 INFO:log:Looking for answer
2020-07-13 12:06:12 ERROR:log:App blocked...
2020-07-13 12:06:36 INFO:log:Starting the app...
2020-07-13 12:06:36 INFO:log:Reading Config...
2020-07-13 12:06:36 INFO:log:Config read.
2020-07-13 12:06:37 INFO:log:Config read.
2020-07-13 12:06:37 INFO:log:Reading data...
2020-07-13 12:06:37 INFO:log:Data read.
2020-07-13 12:06:39 INFO:log:Looking for answer
2020-07-13 12:10:03 INFO:log:Starting the app...
2020-07-13 12:10:03 INFO:log:Reading Config...
2020-07-13 12:10:03 INFO:log:Config read.
2020-07-13 12:10:04 INFO:log:Config read.
2020-07-13 12:10:04 INFO:log:Reading data...
2020-07-13 12:10:04 INFO:log:Data read.
2020-07-13 12:10:06 INFO:log:Looking for answer
2020-07-13 12:11:38 INFO:log:Answer found.
2020-07-13 12:12:10 INFO:log:End of execution.
2020-07-13 12:12:35 INFO:log:Starting the app...
2020-07-13 12:12:35 INFO:log:Reading Config...
2020-07-13 12:12:35 INFO:log:Config read.
2020-07-13 12:12:35 INFO:log:Config read.
2020-07-13 12:12:35 INFO:log:Reading data...
2020-07-13 12:12:36 INFO:log:Data read.
2020-07-13 12:12:40 INFO:log:Looking for answer
2020-07-13 12:12:43 INFO:log:Answer found.
2020-07-13 12:15:02 INFO:log:End of execution.
2020-07-13 12:15:14 INFO:log:Starting the app...
2020-07-13 12:15:14 INFO:log:Reading Config...
2020-07-13 12:15:14 INFO:log:Config read.
2020-07-13 12:15:14 INFO:log:Config read.
2020-07-13 12:15:14 INFO:log:Reading data...
2020-07-13 12:15:14 INFO:log:Data read.
2020-07-13 12:15:18 INFO:log:Looking for answer
2020-07-13 12:15:29 INFO:log:End of execution.
2020-07-13 12:15:39 INFO:log:Starting the app...
2020-07-13 12:15:39 INFO:log:Reading Config...
2020-07-13 12:15:39 INFO:log:Config read.
2020-07-13 12:15:39 INFO:log:Config read.
2020-07-13 12:15:39 INFO:log:Reading data...
2020-07-13 12:15:39 INFO:log:Data read.
2020-07-13 12:15:41 INFO:log:Looking for answer
2020-07-13 12:16:49 INFO:log:Answer found.
2020-07-13 12:23:52 INFO:log:End of execution.
